<?xml version="1.0" encoding="UTF-8"?>
<!-- Generated by org.testng.reporters.JUnitXMLReporter -->
<testsuite ignored="0" hostname="VIJAY" failures="0" tests="3" name="Default test" time="0.139" errors="0" timestamp="2023-10-12T12:52:05 IST">
  <testcase classname="com.app.TDD.demo.TestPracticeSearch" name="findpopulation" time="0.02"/>
  <testcase classname="com.app.TDD.demo.TestPracticeSearch" name="findpracticeEmptyInput" time="0.011"/>
  <testcase classname="com.app.TDD.demo.TestPracticeSearch" name="findpracticeInvalidInput" time="0.008"/>
</testsuite> <!-- Default test -->
