<?xml version="1.0" encoding="UTF-8"?>
<testng-results ignored="0" total="3" passed="3" failed="0" skipped="0">
  <reporter-output>
  </reporter-output>
  <suite started-at="2023-10-12T12:52:05 IST" name="Default suite" finished-at="2023-10-12T12:52:05 IST" duration-ms="139">
    <groups>
    </groups>
    <test started-at="2023-10-12T12:52:05 IST" name="Default test" finished-at="2023-10-12T12:52:05 IST" duration-ms="139">
      <class name="com.app.TDD.demo.TestPracticeSearch">
        <test-method signature="findpopulation()[pri:0, instance:com.app.TDD.demo.TestPracticeSearch@71238fc2]" started-at="2023-10-12T12:52:05 IST" name="findpopulation" finished-at="2023-10-12T12:52:05 IST" duration-ms="20" status="PASS">
          <reporter-output>
          </reporter-output>
        </test-method> <!-- findpopulation -->
        <test-method signature="findpracticeEmptyInput()[pri:0, instance:com.app.TDD.demo.TestPracticeSearch@71238fc2]" started-at="2023-10-12T12:52:05 IST" name="findpracticeEmptyInput" finished-at="2023-10-12T12:52:05 IST" duration-ms="11" status="PASS">
          <reporter-output>
          </reporter-output>
        </test-method> <!-- findpracticeEmptyInput -->
        <test-method signature="findpracticeInvalidInput()[pri:0, instance:com.app.TDD.demo.TestPracticeSearch@71238fc2]" started-at="2023-10-12T12:52:05 IST" name="findpracticeInvalidInput" finished-at="2023-10-12T12:52:05 IST" duration-ms="8" status="PASS">
          <reporter-output>
          </reporter-output>
        </test-method> <!-- findpracticeInvalidInput -->
      </class> <!-- com.app.TDD.demo.TestPracticeSearch -->
    </test> <!-- Default test -->
  </suite> <!-- Default suite -->
</testng-results>
